<?xml version="1.0" encoding="UTF-8"?>
<!-- Generated by org.testng.reporters.JUnitReportReporter -->
<testsuite hostname="Rajesh-PC" name="logintest.Login" tests="1" failures="0" timestamp="8 Feb 2018 07:17:09 GMT" time="9.165" errors="0">
  <testcase name="test" time="9.165" classname="logintest.Login"/>
</testsuite> <!-- logintest.Login -->
