<?xml version="1.0" encoding="UTF-8"?>
<!-- Generated by org.testng.reporters.JUnitReportReporter -->
<testsuite hostname="Rajesh-PC" name="logintest.Login" tests="1" failures="0" timestamp="11 Jan 2019 08:28:40 GMT" time="0.011" errors="0">
  <testcase name="test" time="0.011" classname="logintest.Login"/>
</testsuite> <!-- logintest.Login -->
